{
  "stats": {
    "suites": 3,
    "tests": 2,
    "passes": 2,
    "pending": 0,
    "failures": 0,
    "start": "2023-08-20T06:22:04.074Z",
    "end": "2023-08-20T06:22:06.147Z",
    "duration": 2073,
    "testsRegistered": 2,
    "passPercent": 100,
    "pendingPercent": 0,
    "other": 0,
    "hasOther": false,
    "skipped": 0,
    "hasSkipped": false
  },
  "results": [
    {
      "uuid": "1f24c755-3dd9-4f9b-9063-a0dc1d26a62b",
      "title": "",
      "fullFile": "/workspaces/Api-Automation-Task/test/spec/DeleteCategory.js",
      "file": "/test/spec/DeleteCategory.js",
      "beforeHooks": [],
      "afterHooks": [],
      "tests": [],
      "suites": [
        {
          "uuid": "7d653128-df63-44bb-b89d-3ff65a3515c0",
          "title": "API Tests - Delete Category",
          "fullFile": "/workspaces/Api-Automation-Task/test/spec/DeleteCategory.js",
          "file": "/test/spec/DeleteCategory.js",
          "beforeHooks": [
            {
              "title": "\"before all\" hook in \"API Tests - Delete Category\"",
              "fullTitle": "API Tests - Delete Category \"before all\" hook in \"API Tests - Delete Category\"",
              "timedOut": false,
              "duration": 1100,
              "state": null,
              "speed": null,
              "pass": false,
              "fail": false,
              "pending": false,
              "context": null,
              "code": "accessToken = await getAccessToken();",
              "err": {},
              "uuid": "d4aba285-0ed0-42bf-8f2b-a22431448a18",
              "parentUUID": "7d653128-df63-44bb-b89d-3ff65a3515c0",
              "isHook": true,
              "skipped": false
            }
          ],
          "afterHooks": [],
          "tests": [],
          "suites": [
            {
              "uuid": "fb6da8bb-d973-4d10-b182-6ce7a227c1ad",
              "title": "Positive Case (+) - Delete Existing Category",
              "fullFile": "/workspaces/Api-Automation-Task/test/spec/DeleteCategory.js",
              "file": "/test/spec/DeleteCategory.js",
              "beforeHooks": [],
              "afterHooks": [],
              "tests": [
                {
                  "title": "should successfully delete an existing category",
                  "fullTitle": "API Tests - Delete Category Positive Case (+) - Delete Existing Category should successfully delete an existing category",
                  "timedOut": false,
                  "duration": 486,
                  "state": "passed",
                  "speed": "slow",
                  "pass": true,
                  "fail": false,
                  "pending": false,
                  "context": null,
                  "code": "await waitForCategoryIdToBeSet(sharedId.categoryId);\nconst response = await deleteCategory(sharedId.categoryId);\nexpect(response.status).to.equal(200);\nexpect(response.body.status).to.equal('success');\nexpect(response.body.data).to.deep.equal({});\nconsole.log(response.body);",
                  "err": {},
                  "uuid": "c0422d39-7150-45b8-ba31-230af4626edf",
                  "parentUUID": "fb6da8bb-d973-4d10-b182-6ce7a227c1ad",
                  "isHook": false,
                  "skipped": false
                }
              ],
              "suites": [],
              "passes": [
                "c0422d39-7150-45b8-ba31-230af4626edf"
              ],
              "failures": [],
              "pending": [],
              "skipped": [],
              "duration": 486,
              "root": false,
              "rootEmpty": false,
              "_timeout": 2000
            },
            {
              "uuid": "e9ce108b-4edd-488c-964b-45af58652a2a",
              "title": "Negative Case (-) - Delete Non-existent Category",
              "fullFile": "/workspaces/Api-Automation-Task/test/spec/DeleteCategory.js",
              "file": "/test/spec/DeleteCategory.js",
              "beforeHooks": [],
              "afterHooks": [],
              "tests": [
                {
                  "title": "should fail to delete a non-existent category",
                  "fullTitle": "API Tests - Delete Category Negative Case (-) - Delete Non-existent Category should fail to delete a non-existent category",
                  "timedOut": false,
                  "duration": 480,
                  "state": "passed",
                  "speed": "slow",
                  "pass": true,
                  "fail": false,
                  "pending": false,
                  "context": null,
                  "code": "const invalidCategoryId = 12345567789; // Contoh ID yang tidak valid\nconst response = await deleteCategory(invalidCategoryId);\nexpect(response.status).to.equal(404);\nexpect(response.body.status).to.equal('fail');\nconsole.log(response.body);",
                  "err": {},
                  "uuid": "e0004d6d-ca97-4847-8332-7168126101de",
                  "parentUUID": "e9ce108b-4edd-488c-964b-45af58652a2a",
                  "isHook": false,
                  "skipped": false
                }
              ],
              "suites": [],
              "passes": [
                "e0004d6d-ca97-4847-8332-7168126101de"
              ],
              "failures": [],
              "pending": [],
              "skipped": [],
              "duration": 480,
              "root": false,
              "rootEmpty": false,
              "_timeout": 2000
            }
          ],
          "passes": [],
          "failures": [],
          "pending": [],
          "skipped": [],
          "duration": 0,
          "root": false,
          "rootEmpty": false,
          "_timeout": 2000
        }
      ],
      "passes": [],
      "failures": [],
      "pending": [],
      "skipped": [],
      "duration": 0,
      "root": true,
      "rootEmpty": true,
      "_timeout": 2000
    }
  ],
  "meta": {
    "mocha": {
      "version": "10.2.0"
    },
    "mochawesome": {
      "options": {
        "quiet": false,
        "reportFilename": "mochawesome",
        "saveHtml": true,
        "saveJson": true,
        "consoleReporter": "spec",
        "useInlineDiffs": false,
        "code": true
      },
      "version": "7.1.3"
    },
    "marge": {
      "options": {
        "reportDir": "reports/deleteCategory"
      },
      "version": "6.2.0"
    }
  }
}