{
  "stats": {
    "suites": 3,
    "tests": 2,
    "passes": 2,
    "pending": 0,
    "failures": 0,
    "start": "2023-08-20T06:43:49.373Z",
    "end": "2023-08-20T06:43:51.428Z",
    "duration": 2055,
    "testsRegistered": 2,
    "passPercent": 100,
    "pendingPercent": 0,
    "other": 0,
    "hasOther": false,
    "skipped": 0,
    "hasSkipped": false
  },
  "results": [
    {
      "uuid": "2f8cf7ee-0c8a-4e97-be14-4499609302a5",
      "title": "",
      "fullFile": "/workspaces/Api-Automation-Task/test/spec/DeleteCategory.js",
      "file": "/test/spec/DeleteCategory.js",
      "beforeHooks": [],
      "afterHooks": [],
      "tests": [],
      "suites": [
        {
          "uuid": "0033ce7c-8460-4e3b-a2d2-80836d775ec2",
          "title": "API Tests KasirAja - Delete Category",
          "fullFile": "/workspaces/Api-Automation-Task/test/spec/DeleteCategory.js",
          "file": "/test/spec/DeleteCategory.js",
          "beforeHooks": [
            {
              "title": "\"before all\" hook in \"API Tests KasirAja - Delete Category\"",
              "fullTitle": "API Tests KasirAja - Delete Category \"before all\" hook in \"API Tests KasirAja - Delete Category\"",
              "timedOut": false,
              "duration": 1091,
              "state": null,
              "speed": null,
              "pass": false,
              "fail": false,
              "pending": false,
              "context": null,
              "code": "accessToken = await getAccessToken();",
              "err": {},
              "uuid": "01f41b8c-3333-46ed-96b2-da39715f2e22",
              "parentUUID": "0033ce7c-8460-4e3b-a2d2-80836d775ec2",
              "isHook": true,
              "skipped": false
            }
          ],
          "afterHooks": [],
          "tests": [],
          "suites": [
            {
              "uuid": "3dca7bbd-8a24-4db3-a4c3-0264182cc01a",
              "title": "Positive Case (+) - Delete Category",
              "fullFile": "/workspaces/Api-Automation-Task/test/spec/DeleteCategory.js",
              "file": "/test/spec/DeleteCategory.js",
              "beforeHooks": [],
              "afterHooks": [],
              "tests": [
                {
                  "title": "sukses menghapus kategori",
                  "fullTitle": "API Tests KasirAja - Delete Category Positive Case (+) - Delete Category sukses menghapus kategori",
                  "timedOut": false,
                  "duration": 481,
                  "state": "passed",
                  "speed": "slow",
                  "pass": true,
                  "fail": false,
                  "pending": false,
                  "context": null,
                  "code": "await waitForCategoryIdToBeSet(sharedId.categoryId);\nconst response = await deleteCategory(sharedId.categoryId);\nexpect(response.status).to.equal(200);\nexpect(response.body.status).to.equal('success');\nexpect(response.body.data).to.deep.equal({});\nconsole.log(response.body);",
                  "err": {},
                  "uuid": "f4b2d2df-ce13-48ad-8d40-d6901beb6b31",
                  "parentUUID": "3dca7bbd-8a24-4db3-a4c3-0264182cc01a",
                  "isHook": false,
                  "skipped": false
                }
              ],
              "suites": [],
              "passes": [
                "f4b2d2df-ce13-48ad-8d40-d6901beb6b31"
              ],
              "failures": [],
              "pending": [],
              "skipped": [],
              "duration": 481,
              "root": false,
              "rootEmpty": false,
              "_timeout": 2000
            },
            {
              "uuid": "97512c59-12ed-4e75-af14-23f777d94ab8",
              "title": "Negative Case (-) - Delete Category dengan id tidak valid",
              "fullFile": "/workspaces/Api-Automation-Task/test/spec/DeleteCategory.js",
              "file": "/test/spec/DeleteCategory.js",
              "beforeHooks": [],
              "afterHooks": [],
              "tests": [
                {
                  "title": "gagal delete category dengan id tidak valid",
                  "fullTitle": "API Tests KasirAja - Delete Category Negative Case (-) - Delete Category dengan id tidak valid gagal delete category dengan id tidak valid",
                  "timedOut": false,
                  "duration": 478,
                  "state": "passed",
                  "speed": "slow",
                  "pass": true,
                  "fail": false,
                  "pending": false,
                  "context": null,
                  "code": "const invalidCategoryId = 12345567789; // Contoh ID yang tidak valid\nconst response = await deleteCategory(invalidCategoryId);\nexpect(response.status).to.equal(404);\nexpect(response.body.status).to.equal('fail');\nconsole.log(response.body);",
                  "err": {},
                  "uuid": "fd3dcca8-26c3-4db1-92b0-fd606856cf74",
                  "parentUUID": "97512c59-12ed-4e75-af14-23f777d94ab8",
                  "isHook": false,
                  "skipped": false
                }
              ],
              "suites": [],
              "passes": [
                "fd3dcca8-26c3-4db1-92b0-fd606856cf74"
              ],
              "failures": [],
              "pending": [],
              "skipped": [],
              "duration": 478,
              "root": false,
              "rootEmpty": false,
              "_timeout": 2000
            }
          ],
          "passes": [],
          "failures": [],
          "pending": [],
          "skipped": [],
          "duration": 0,
          "root": false,
          "rootEmpty": false,
          "_timeout": 2000
        }
      ],
      "passes": [],
      "failures": [],
      "pending": [],
      "skipped": [],
      "duration": 0,
      "root": true,
      "rootEmpty": true,
      "_timeout": 2000
    }
  ],
  "meta": {
    "mocha": {
      "version": "10.2.0"
    },
    "mochawesome": {
      "options": {
        "quiet": false,
        "reportFilename": "mochawesome",
        "saveHtml": true,
        "saveJson": true,
        "consoleReporter": "spec",
        "useInlineDiffs": false,
        "code": true
      },
      "version": "7.1.3"
    },
    "marge": {
      "options": {
        "reportDir": "reports/deleteCategory"
      },
      "version": "6.2.0"
    }
  }
}