{
  "stats": {
    "suites": 1,
    "tests": 2,
    "passes": 2,
    "pending": 0,
    "failures": 0,
    "start": "2023-08-20T06:22:04.056Z",
    "end": "2023-08-20T06:22:05.685Z",
    "duration": 1629,
    "testsRegistered": 2,
    "passPercent": 100,
    "pendingPercent": 0,
    "other": 0,
    "hasOther": false,
    "skipped": 0,
    "hasSkipped": false
  },
  "results": [
    {
      "uuid": "c226d849-e062-45d8-bbeb-3cb161dd0edd",
      "title": "",
      "fullFile": "/workspaces/Api-Automation-Task/test/spec/AddCategory.js",
      "file": "/test/spec/AddCategory.js",
      "beforeHooks": [],
      "afterHooks": [],
      "tests": [],
      "suites": [
        {
          "uuid": "31df73fc-fe9c-4f9a-abfc-2ffb03846ad6",
          "title": "API Tests KasirAja - Add Category",
          "fullFile": "/workspaces/Api-Automation-Task/test/spec/AddCategory.js",
          "file": "/test/spec/AddCategory.js",
          "beforeHooks": [
            {
              "title": "\"before all\" hook in \"API Tests KasirAja - Add Category\"",
              "fullTitle": "API Tests KasirAja - Add Category \"before all\" hook in \"API Tests KasirAja - Add Category\"",
              "timedOut": false,
              "duration": 1120,
              "state": null,
              "speed": null,
              "pass": false,
              "fail": false,
              "pending": false,
              "context": null,
              "code": "accessToken = await getAccessToken();",
              "err": {},
              "uuid": "80be63ef-7d16-4259-af76-79387d976411",
              "parentUUID": "31df73fc-fe9c-4f9a-abfc-2ffb03846ad6",
              "isHook": true,
              "skipped": false
            }
          ],
          "afterHooks": [],
          "tests": [
            {
              "title": "Positive Case (+) - Sukses Menambahkan Kategori Baru",
              "fullTitle": "API Tests KasirAja - Add Category Positive Case (+) - Sukses Menambahkan Kategori Baru",
              "timedOut": false,
              "duration": 487,
              "state": "passed",
              "speed": "slow",
              "pass": true,
              "fail": false,
              "pending": false,
              "context": null,
              "code": "const response = await addCategory(category1);\nexpect(response.status).to.equal(201);\nexpect(response.body.status).to.equal('success');\nexpect(response.body.data.name).to.equal(category1.name);\nexpect(response.body.name).not.to.be.null;\nexpect(response.body.description).not.to.be.null;\nexpect(sharedId.categoryId).to.not.be.undefined;\nconsole.log(response.body);\nsharedId.categoryId = response.body.data.categoryId;",
              "err": {},
              "uuid": "ca241d7b-0b2b-4a72-8141-e693f765f208",
              "parentUUID": "31df73fc-fe9c-4f9a-abfc-2ffb03846ad6",
              "isHook": false,
              "skipped": false
            },
            {
              "title": "Negative case (-) - Gagal Menambahkan Kategori baru karena kolom nama kosong",
              "fullTitle": "API Tests KasirAja - Add Category Negative case (-) - Gagal Menambahkan Kategori baru karena kolom nama kosong",
              "timedOut": false,
              "duration": 18,
              "state": "passed",
              "speed": "fast",
              "pass": true,
              "fail": false,
              "pending": false,
              "context": null,
              "code": "const response = await addCategory(category2);\nexpect(response.status).to.equal(400);\nexpect(response.body.status).to.equal('fail');\nconsole.log(response.body);",
              "err": {},
              "uuid": "eb9be436-4559-48da-9ee3-fcafc2496308",
              "parentUUID": "31df73fc-fe9c-4f9a-abfc-2ffb03846ad6",
              "isHook": false,
              "skipped": false
            }
          ],
          "suites": [],
          "passes": [
            "ca241d7b-0b2b-4a72-8141-e693f765f208",
            "eb9be436-4559-48da-9ee3-fcafc2496308"
          ],
          "failures": [],
          "pending": [],
          "skipped": [],
          "duration": 505,
          "root": false,
          "rootEmpty": false,
          "_timeout": 2000
        }
      ],
      "passes": [],
      "failures": [],
      "pending": [],
      "skipped": [],
      "duration": 0,
      "root": true,
      "rootEmpty": true,
      "_timeout": 2000
    }
  ],
  "meta": {
    "mocha": {
      "version": "10.2.0"
    },
    "mochawesome": {
      "options": {
        "quiet": false,
        "reportFilename": "mochawesome",
        "saveHtml": true,
        "saveJson": true,
        "consoleReporter": "spec",
        "useInlineDiffs": false,
        "code": true
      },
      "version": "7.1.3"
    },
    "marge": {
      "options": {
        "reportDir": "reports/addCategory"
      },
      "version": "6.2.0"
    }
  }
}