{
  "stats": {
    "suites": 1,
    "tests": 2,
    "passes": 2,
    "pending": 0,
    "failures": 0,
    "start": "2023-08-20T06:43:49.371Z",
    "end": "2023-08-20T06:43:50.957Z",
    "duration": 1586,
    "testsRegistered": 2,
    "passPercent": 100,
    "pendingPercent": 0,
    "other": 0,
    "hasOther": false,
    "skipped": 0,
    "hasSkipped": false
  },
  "results": [
    {
      "uuid": "7697024c-e063-463c-988d-434006632b20",
      "title": "",
      "fullFile": "/workspaces/Api-Automation-Task/test/spec/AddCategory.js",
      "file": "/test/spec/AddCategory.js",
      "beforeHooks": [],
      "afterHooks": [],
      "tests": [],
      "suites": [
        {
          "uuid": "73bdd6e0-200e-46b1-adba-da7be2fea8e2",
          "title": "API Tests KasirAja - Add Category",
          "fullFile": "/workspaces/Api-Automation-Task/test/spec/AddCategory.js",
          "file": "/test/spec/AddCategory.js",
          "beforeHooks": [
            {
              "title": "\"before all\" hook in \"API Tests KasirAja - Add Category\"",
              "fullTitle": "API Tests KasirAja - Add Category \"before all\" hook in \"API Tests KasirAja - Add Category\"",
              "timedOut": false,
              "duration": 1077,
              "state": null,
              "speed": null,
              "pass": false,
              "fail": false,
              "pending": false,
              "context": null,
              "code": "accessToken = await getAccessToken();",
              "err": {},
              "uuid": "0ab4d12f-9a27-4956-9702-71de5df19c70",
              "parentUUID": "73bdd6e0-200e-46b1-adba-da7be2fea8e2",
              "isHook": true,
              "skipped": false
            }
          ],
          "afterHooks": [],
          "tests": [
            {
              "title": "Positive Case (+) - Sukses Menambahkan Kategori Baru",
              "fullTitle": "API Tests KasirAja - Add Category Positive Case (+) - Sukses Menambahkan Kategori Baru",
              "timedOut": false,
              "duration": 490,
              "state": "passed",
              "speed": "slow",
              "pass": true,
              "fail": false,
              "pending": false,
              "context": null,
              "code": "const response = await addCategory(category1);\nexpect(response.status).to.equal(201);\nexpect(response.body.status).to.equal('success');\nexpect(response.body.data.name).to.equal(category1.name);\nexpect(response.body.name).not.to.be.null;\nexpect(response.body.description).not.to.be.null;\nexpect(sharedId.categoryId).to.not.be.undefined;\nconsole.log(response.body);\nsharedId.categoryId = response.body.data.categoryId;",
              "err": {},
              "uuid": "7418a063-89ba-4078-856d-1ff0ba930a02",
              "parentUUID": "73bdd6e0-200e-46b1-adba-da7be2fea8e2",
              "isHook": false,
              "skipped": false
            },
            {
              "title": "Negative case (-) - Gagal Menambahkan Kategori baru karena kolom nama kosong",
              "fullTitle": "API Tests KasirAja - Add Category Negative case (-) - Gagal Menambahkan Kategori baru karena kolom nama kosong",
              "timedOut": false,
              "duration": 13,
              "state": "passed",
              "speed": "fast",
              "pass": true,
              "fail": false,
              "pending": false,
              "context": null,
              "code": "const response = await addCategory(category2);\nexpect(response.status).to.equal(400);\nexpect(response.body.status).to.equal('fail');\nconsole.log(response.body);",
              "err": {},
              "uuid": "96fc744c-4132-44db-9551-62ce981ad404",
              "parentUUID": "73bdd6e0-200e-46b1-adba-da7be2fea8e2",
              "isHook": false,
              "skipped": false
            }
          ],
          "suites": [],
          "passes": [
            "7418a063-89ba-4078-856d-1ff0ba930a02",
            "96fc744c-4132-44db-9551-62ce981ad404"
          ],
          "failures": [],
          "pending": [],
          "skipped": [],
          "duration": 503,
          "root": false,
          "rootEmpty": false,
          "_timeout": 2000
        }
      ],
      "passes": [],
      "failures": [],
      "pending": [],
      "skipped": [],
      "duration": 0,
      "root": true,
      "rootEmpty": true,
      "_timeout": 2000
    }
  ],
  "meta": {
    "mocha": {
      "version": "10.2.0"
    },
    "mochawesome": {
      "options": {
        "quiet": false,
        "reportFilename": "mochawesome",
        "saveHtml": true,
        "saveJson": true,
        "consoleReporter": "spec",
        "useInlineDiffs": false,
        "code": true
      },
      "version": "7.1.3"
    },
    "marge": {
      "options": {
        "reportDir": "reports/addCategory"
      },
      "version": "6.2.0"
    }
  }
}