{
  "stats": {
    "suites": 3,
    "tests": 2,
    "passes": 2,
    "pending": 0,
    "failures": 0,
    "start": "2023-08-20T06:22:04.074Z",
    "end": "2023-08-20T06:22:05.689Z",
    "duration": 1615,
    "testsRegistered": 2,
    "passPercent": 100,
    "pendingPercent": 0,
    "other": 0,
    "hasOther": false,
    "skipped": 0,
    "hasSkipped": false
  },
  "results": [
    {
      "uuid": "c8c42397-e772-4337-9473-377d30caacd2",
      "title": "",
      "fullFile": "/workspaces/Api-Automation-Task/test/spec/GetCategoryList.js",
      "file": "/test/spec/GetCategoryList.js",
      "beforeHooks": [],
      "afterHooks": [],
      "tests": [],
      "suites": [
        {
          "uuid": "ef251703-0faf-4bb1-bc26-0ad704fd53b7",
          "title": "API Tests KasirAja - Get List Category",
          "fullFile": "/workspaces/Api-Automation-Task/test/spec/GetCategoryList.js",
          "file": "/test/spec/GetCategoryList.js",
          "beforeHooks": [
            {
              "title": "\"before all\" hook in \"API Tests KasirAja - Get List Category\"",
              "fullTitle": "API Tests KasirAja - Get List Category \"before all\" hook in \"API Tests KasirAja - Get List Category\"",
              "timedOut": false,
              "duration": 1098,
              "state": null,
              "speed": null,
              "pass": false,
              "fail": false,
              "pending": false,
              "context": null,
              "code": "accessToken = await getAccessToken();",
              "err": {},
              "uuid": "220c5a31-5636-4173-9e76-45c9a62ffbd6",
              "parentUUID": "ef251703-0faf-4bb1-bc26-0ad704fd53b7",
              "isHook": true,
              "skipped": false
            }
          ],
          "afterHooks": [],
          "tests": [],
          "suites": [
            {
              "uuid": "c90fd55c-7558-42a9-b6c2-1bb962a27c90",
              "title": "Positive Case (+) - Menampilkan list Kategori",
              "fullFile": "/workspaces/Api-Automation-Task/test/spec/GetCategoryList.js",
              "file": "/test/spec/GetCategoryList.js",
              "beforeHooks": [],
              "afterHooks": [],
              "tests": [
                {
                  "title": "sukses menampilkan list kategori",
                  "fullTitle": "API Tests KasirAja - Get List Category Positive Case (+) - Menampilkan list Kategori sukses menampilkan list kategori",
                  "timedOut": false,
                  "duration": 498,
                  "state": "passed",
                  "speed": "slow",
                  "pass": true,
                  "fail": false,
                  "pending": false,
                  "context": null,
                  "code": "const response = await getCategoryList();\nexpect(response.status).to.equal(200);\nexpect(response.body.status).to.equal('success');\nexpect(response.body.data).to.have.property('categories');\nexpect(response.body.data.categories).to.be.an('array');\nexpect(response.body.data.meta).to.be.an('object');\nconsole.log(response.body);",
                  "err": {},
                  "uuid": "6353230f-4a3a-40f8-93da-29f2c316bda6",
                  "parentUUID": "c90fd55c-7558-42a9-b6c2-1bb962a27c90",
                  "isHook": false,
                  "skipped": false
                }
              ],
              "suites": [],
              "passes": [
                "6353230f-4a3a-40f8-93da-29f2c316bda6"
              ],
              "failures": [],
              "pending": [],
              "skipped": [],
              "duration": 498,
              "root": false,
              "rootEmpty": false,
              "_timeout": 2000
            },
            {
              "uuid": "506ec8ed-e010-416c-86c8-88ae419d07a1",
              "title": "Negative case (-) - Gagal menampilkan kategori tanpa adanya token",
              "fullFile": "/workspaces/Api-Automation-Task/test/spec/GetCategoryList.js",
              "file": "/test/spec/GetCategoryList.js",
              "beforeHooks": [],
              "afterHooks": [],
              "tests": [
                {
                  "title": "Gagal menampilkan kategori dengan akses token yang tidak valid",
                  "fullTitle": "API Tests KasirAja - Get List Category Negative case (-) - Gagal menampilkan kategori tanpa adanya token Gagal menampilkan kategori dengan akses token yang tidak valid",
                  "timedOut": false,
                  "duration": 14,
                  "state": "passed",
                  "speed": "fast",
                  "pass": true,
                  "fail": false,
                  "pending": false,
                  "context": null,
                  "code": "const response = await kasiraja.get('/categories');\nexpect(response.status).to.equal(401);\nexpect(response.body.error).to.equal('Unauthorized');\nexpect(response.body.message).to.equal('Missing authentication');\nconsole.log(response.body);",
                  "err": {},
                  "uuid": "7052fbd3-382f-4031-a8af-293519e5bda5",
                  "parentUUID": "506ec8ed-e010-416c-86c8-88ae419d07a1",
                  "isHook": false,
                  "skipped": false
                }
              ],
              "suites": [],
              "passes": [
                "7052fbd3-382f-4031-a8af-293519e5bda5"
              ],
              "failures": [],
              "pending": [],
              "skipped": [],
              "duration": 14,
              "root": false,
              "rootEmpty": false,
              "_timeout": 2000
            }
          ],
          "passes": [],
          "failures": [],
          "pending": [],
          "skipped": [],
          "duration": 0,
          "root": false,
          "rootEmpty": false,
          "_timeout": 2000
        }
      ],
      "passes": [],
      "failures": [],
      "pending": [],
      "skipped": [],
      "duration": 0,
      "root": true,
      "rootEmpty": true,
      "_timeout": 2000
    }
  ],
  "meta": {
    "mocha": {
      "version": "10.2.0"
    },
    "mochawesome": {
      "options": {
        "quiet": false,
        "reportFilename": "mochawesome",
        "saveHtml": true,
        "saveJson": true,
        "consoleReporter": "spec",
        "useInlineDiffs": false,
        "code": true
      },
      "version": "7.1.3"
    },
    "marge": {
      "options": {
        "reportDir": "reports/getListCategory"
      },
      "version": "6.2.0"
    }
  }
}