{
  "stats": {
    "suites": 3,
    "tests": 2,
    "passes": 2,
    "pending": 0,
    "failures": 0,
    "start": "2023-08-20T06:43:49.391Z",
    "end": "2023-08-20T06:43:51.066Z",
    "duration": 1675,
    "testsRegistered": 2,
    "passPercent": 100,
    "pendingPercent": 0,
    "other": 0,
    "hasOther": false,
    "skipped": 0,
    "hasSkipped": false
  },
  "results": [
    {
      "uuid": "59f1ad6d-5250-4af7-b9b9-560945c392f2",
      "title": "",
      "fullFile": "/workspaces/Api-Automation-Task/test/spec/GetCategoryList.js",
      "file": "/test/spec/GetCategoryList.js",
      "beforeHooks": [],
      "afterHooks": [],
      "tests": [],
      "suites": [
        {
          "uuid": "380284c5-1cbe-4f87-b1b7-10ade20d2759",
          "title": "API Tests KasirAja - Get List Category",
          "fullFile": "/workspaces/Api-Automation-Task/test/spec/GetCategoryList.js",
          "file": "/test/spec/GetCategoryList.js",
          "beforeHooks": [
            {
              "title": "\"before all\" hook in \"API Tests KasirAja - Get List Category\"",
              "fullTitle": "API Tests KasirAja - Get List Category \"before all\" hook in \"API Tests KasirAja - Get List Category\"",
              "timedOut": false,
              "duration": 1162,
              "state": null,
              "speed": null,
              "pass": false,
              "fail": false,
              "pending": false,
              "context": null,
              "code": "accessToken = await getAccessToken();",
              "err": {},
              "uuid": "acf76aa0-3c1e-4ae0-9cfb-4c4d4c6d1f74",
              "parentUUID": "380284c5-1cbe-4f87-b1b7-10ade20d2759",
              "isHook": true,
              "skipped": false
            }
          ],
          "afterHooks": [],
          "tests": [],
          "suites": [
            {
              "uuid": "78a8a5a7-b0e4-4a31-8537-977a8e1195f1",
              "title": "Positive Case (+) - Menampilkan list Kategori",
              "fullFile": "/workspaces/Api-Automation-Task/test/spec/GetCategoryList.js",
              "file": "/test/spec/GetCategoryList.js",
              "beforeHooks": [],
              "afterHooks": [],
              "tests": [
                {
                  "title": "sukses menampilkan list kategori",
                  "fullTitle": "API Tests KasirAja - Get List Category Positive Case (+) - Menampilkan list Kategori sukses menampilkan list kategori",
                  "timedOut": false,
                  "duration": 491,
                  "state": "passed",
                  "speed": "slow",
                  "pass": true,
                  "fail": false,
                  "pending": false,
                  "context": null,
                  "code": "const response = await getCategoryList();\nexpect(response.status).to.equal(200);\nexpect(response.body.status).to.equal('success');\nexpect(response.body.data).to.have.property('categories');\nexpect(response.body.data.categories).to.be.an('array');\nexpect(response.body.data.meta).to.be.an('object');\nconsole.log(JSON.stringify(response.body, null, 2));",
                  "err": {},
                  "uuid": "87d2c050-fa40-4b6b-9ec8-2b87db814ceb",
                  "parentUUID": "78a8a5a7-b0e4-4a31-8537-977a8e1195f1",
                  "isHook": false,
                  "skipped": false
                }
              ],
              "suites": [],
              "passes": [
                "87d2c050-fa40-4b6b-9ec8-2b87db814ceb"
              ],
              "failures": [],
              "pending": [],
              "skipped": [],
              "duration": 491,
              "root": false,
              "rootEmpty": false,
              "_timeout": 2000
            },
            {
              "uuid": "4ccede0a-c0a8-42d4-bf8e-1f29c2130dda",
              "title": "Negative case (-) - Gagal menampilkan kategori tanpa adanya token",
              "fullFile": "/workspaces/Api-Automation-Task/test/spec/GetCategoryList.js",
              "file": "/test/spec/GetCategoryList.js",
              "beforeHooks": [],
              "afterHooks": [],
              "tests": [
                {
                  "title": "Gagal menampilkan kategori dengan akses token yang tidak valid",
                  "fullTitle": "API Tests KasirAja - Get List Category Negative case (-) - Gagal menampilkan kategori tanpa adanya token Gagal menampilkan kategori dengan akses token yang tidak valid",
                  "timedOut": false,
                  "duration": 17,
                  "state": "passed",
                  "speed": "fast",
                  "pass": true,
                  "fail": false,
                  "pending": false,
                  "context": null,
                  "code": "const response = await kasiraja.get('/categories');\nexpect(response.status).to.equal(401);\nexpect(response.body.error).to.equal('Unauthorized');\nexpect(response.body.message).to.equal('Missing authentication');\nconsole.log(response.body);",
                  "err": {},
                  "uuid": "8e9c8da8-48c9-4989-8dd9-7679b741ab4d",
                  "parentUUID": "4ccede0a-c0a8-42d4-bf8e-1f29c2130dda",
                  "isHook": false,
                  "skipped": false
                }
              ],
              "suites": [],
              "passes": [
                "8e9c8da8-48c9-4989-8dd9-7679b741ab4d"
              ],
              "failures": [],
              "pending": [],
              "skipped": [],
              "duration": 17,
              "root": false,
              "rootEmpty": false,
              "_timeout": 2000
            }
          ],
          "passes": [],
          "failures": [],
          "pending": [],
          "skipped": [],
          "duration": 0,
          "root": false,
          "rootEmpty": false,
          "_timeout": 2000
        }
      ],
      "passes": [],
      "failures": [],
      "pending": [],
      "skipped": [],
      "duration": 0,
      "root": true,
      "rootEmpty": true,
      "_timeout": 2000
    }
  ],
  "meta": {
    "mocha": {
      "version": "10.2.0"
    },
    "mochawesome": {
      "options": {
        "quiet": false,
        "reportFilename": "mochawesome",
        "saveHtml": true,
        "saveJson": true,
        "consoleReporter": "spec",
        "useInlineDiffs": false,
        "code": true
      },
      "version": "7.1.3"
    },
    "marge": {
      "options": {
        "reportDir": "reports/getListCategory"
      },
      "version": "6.2.0"
    }
  }
}