{
  "stats": {
    "suites": 3,
    "tests": 2,
    "passes": 2,
    "pending": 0,
    "failures": 0,
    "start": "2023-08-20T06:10:18.390Z",
    "end": "2023-08-20T06:10:20.848Z",
    "duration": 2458,
    "testsRegistered": 2,
    "passPercent": 100,
    "pendingPercent": 0,
    "other": 0,
    "hasOther": false,
    "skipped": 0,
    "hasSkipped": false
  },
  "results": [
    {
      "uuid": "b416439d-22fd-484c-bb64-c4171ec5814e",
      "title": "",
      "fullFile": "/workspaces/Api-Automation-Task/test/spec/GetCategoryList.js",
      "file": "/test/spec/GetCategoryList.js",
      "beforeHooks": [],
      "afterHooks": [],
      "tests": [],
      "suites": [
        {
          "uuid": "40b45061-a46b-4b7a-a816-eb4658aecb63",
          "title": "API Tests KasirAja - Get List Category",
          "fullFile": "/workspaces/Api-Automation-Task/test/spec/GetCategoryList.js",
          "file": "/test/spec/GetCategoryList.js",
          "beforeHooks": [
            {
              "title": "\"before all\" hook in \"API Tests KasirAja - Get List Category\"",
              "fullTitle": "API Tests KasirAja - Get List Category \"before all\" hook in \"API Tests KasirAja - Get List Category\"",
              "timedOut": false,
              "duration": 1262,
              "state": null,
              "speed": null,
              "pass": false,
              "fail": false,
              "pending": false,
              "context": null,
              "code": "accessToken = await getAccessToken();",
              "err": {},
              "uuid": "97c346e6-3482-4c0b-acb9-4b9efeb9d1c4",
              "parentUUID": "40b45061-a46b-4b7a-a816-eb4658aecb63",
              "isHook": true,
              "skipped": false
            }
          ],
          "afterHooks": [],
          "tests": [],
          "suites": [
            {
              "uuid": "df5f7cc9-3915-440c-8f48-5407a8fac96c",
              "title": "Positive Case (+) - Menampilkan list Kategori",
              "fullFile": "/workspaces/Api-Automation-Task/test/spec/GetCategoryList.js",
              "file": "/test/spec/GetCategoryList.js",
              "beforeHooks": [],
              "afterHooks": [],
              "tests": [
                {
                  "title": "sukses menampilkan list kategori",
                  "fullTitle": "API Tests KasirAja - Get List Category Positive Case (+) - Menampilkan list Kategori sukses menampilkan list kategori",
                  "timedOut": false,
                  "duration": 551,
                  "state": "passed",
                  "speed": "slow",
                  "pass": true,
                  "fail": false,
                  "pending": false,
                  "context": null,
                  "code": "const response = await getCategoryList();\nexpect(response.status).to.equal(200);\nexpect(response.body.status).to.equal('success');\nexpect(response.body.data).to.have.property('categories');\nexpect(response.body.data.categories).to.be.an('array');\nexpect(response.body.data.meta).to.be.an('object');",
                  "err": {},
                  "uuid": "05b33323-7bf1-4358-abc1-77d73039e520",
                  "parentUUID": "df5f7cc9-3915-440c-8f48-5407a8fac96c",
                  "isHook": false,
                  "skipped": false
                }
              ],
              "suites": [],
              "passes": [
                "05b33323-7bf1-4358-abc1-77d73039e520"
              ],
              "failures": [],
              "pending": [],
              "skipped": [],
              "duration": 551,
              "root": false,
              "rootEmpty": false,
              "_timeout": 2000
            },
            {
              "uuid": "f90e3f84-066b-45b8-b7fc-7da74d73a227",
              "title": "Negative case (-) - Gagal menampilkan kategori tanpa adanya token",
              "fullFile": "/workspaces/Api-Automation-Task/test/spec/GetCategoryList.js",
              "file": "/test/spec/GetCategoryList.js",
              "beforeHooks": [],
              "afterHooks": [],
              "tests": [
                {
                  "title": "Gagal menampilkan kategori dengan akses token yang tidak valid",
                  "fullTitle": "API Tests KasirAja - Get List Category Negative case (-) - Gagal menampilkan kategori tanpa adanya token Gagal menampilkan kategori dengan akses token yang tidak valid",
                  "timedOut": false,
                  "duration": 641,
                  "state": "passed",
                  "speed": "slow",
                  "pass": true,
                  "fail": false,
                  "pending": false,
                  "context": null,
                  "code": "const response = await kasiraja.get('/categories');\nexpect(response.status).to.equal(401);\nexpect(response.body.error).to.equal('Unauthorized');\nexpect(response.body.message).to.equal('Missing authentication');",
                  "err": {},
                  "uuid": "e703067f-3d76-4fba-95be-2fe63be01224",
                  "parentUUID": "f90e3f84-066b-45b8-b7fc-7da74d73a227",
                  "isHook": false,
                  "skipped": false
                }
              ],
              "suites": [],
              "passes": [
                "e703067f-3d76-4fba-95be-2fe63be01224"
              ],
              "failures": [],
              "pending": [],
              "skipped": [],
              "duration": 641,
              "root": false,
              "rootEmpty": false,
              "_timeout": 2000
            }
          ],
          "passes": [],
          "failures": [],
          "pending": [],
          "skipped": [],
          "duration": 0,
          "root": false,
          "rootEmpty": false,
          "_timeout": 2000
        }
      ],
      "passes": [],
      "failures": [],
      "pending": [],
      "skipped": [],
      "duration": 0,
      "root": true,
      "rootEmpty": true,
      "_timeout": 2000
    }
  ],
  "meta": {
    "mocha": {
      "version": "10.2.0"
    },
    "mochawesome": {
      "options": {
        "quiet": false,
        "reportFilename": "mochawesome",
        "saveHtml": true,
        "saveJson": true,
        "consoleReporter": "spec",
        "useInlineDiffs": false,
        "code": true
      },
      "version": "7.1.3"
    },
    "marge": {
      "options": {
        "reportDir": "reports/getListCategory"
      },
      "version": "6.2.0"
    }
  }
}