{
  "stats": {
    "suites": 3,
    "tests": 2,
    "passes": 2,
    "pending": 0,
    "failures": 0,
    "start": "2023-08-20T06:43:49.364Z",
    "end": "2023-08-20T06:43:50.964Z",
    "duration": 1600,
    "testsRegistered": 2,
    "passPercent": 100,
    "pendingPercent": 0,
    "other": 0,
    "hasOther": false,
    "skipped": 0,
    "hasSkipped": false
  },
  "results": [
    {
      "uuid": "1ae0118a-68fa-4e4f-b6e7-95a70344b089",
      "title": "",
      "fullFile": "/workspaces/Api-Automation-Task/test/spec/UpdateCategory.js",
      "file": "/test/spec/UpdateCategory.js",
      "beforeHooks": [],
      "afterHooks": [],
      "tests": [],
      "suites": [
        {
          "uuid": "ee6f6f47-b8b7-481b-acf2-9fb963c59b35",
          "title": "API Tests KasirAja- Update Category",
          "fullFile": "/workspaces/Api-Automation-Task/test/spec/UpdateCategory.js",
          "file": "/test/spec/UpdateCategory.js",
          "beforeHooks": [
            {
              "title": "\"before all\" hook in \"API Tests KasirAja- Update Category\"",
              "fullTitle": "API Tests KasirAja- Update Category \"before all\" hook in \"API Tests KasirAja- Update Category\"",
              "timedOut": false,
              "duration": 1087,
              "state": null,
              "speed": null,
              "pass": false,
              "fail": false,
              "pending": false,
              "context": null,
              "code": "accessToken = await getAccessToken();",
              "err": {},
              "uuid": "a816a248-760d-4cb0-92b7-86c0a565163e",
              "parentUUID": "ee6f6f47-b8b7-481b-acf2-9fb963c59b35",
              "isHook": true,
              "skipped": false
            }
          ],
          "afterHooks": [],
          "tests": [],
          "suites": [
            {
              "uuid": "84bcfc25-d743-4251-9f9f-d06d6f94cd58",
              "title": "Positive Case (+) - Update Category yang sudah ada",
              "fullFile": "/workspaces/Api-Automation-Task/test/spec/UpdateCategory.js",
              "file": "/test/spec/UpdateCategory.js",
              "beforeHooks": [],
              "afterHooks": [],
              "tests": [
                {
                  "title": "sukses update category dengan id valid",
                  "fullTitle": "API Tests KasirAja- Update Category Positive Case (+) - Update Category yang sudah ada sukses update category dengan id valid",
                  "timedOut": false,
                  "duration": 492,
                  "state": "passed",
                  "speed": "slow",
                  "pass": true,
                  "fail": false,
                  "pending": false,
                  "context": null,
                  "code": "await waitForCategoryIdToBeSet(sharedId.categoryId); \nconst response = await updateCategory(sharedId.categoryId, updtcategory);\nexpect(response.status).to.equal(200);\nexpect(response.body.status).to.equal('success');\nexpect(response.body.data.name).to.equal(updtcategory.name);\nconsole.log(response.body);",
                  "err": {},
                  "uuid": "024b49e6-9b46-453b-8262-8001d5f0b190",
                  "parentUUID": "84bcfc25-d743-4251-9f9f-d06d6f94cd58",
                  "isHook": false,
                  "skipped": false
                }
              ],
              "suites": [],
              "passes": [
                "024b49e6-9b46-453b-8262-8001d5f0b190"
              ],
              "failures": [],
              "pending": [],
              "skipped": [],
              "duration": 492,
              "root": false,
              "rootEmpty": false,
              "_timeout": 2000
            },
            {
              "uuid": "09d69704-11a9-4719-a704-619fa5012479",
              "title": "Negative Case (-) - Update Category dengan id tidak valid",
              "fullFile": "/workspaces/Api-Automation-Task/test/spec/UpdateCategory.js",
              "file": "/test/spec/UpdateCategory.js",
              "beforeHooks": [],
              "afterHooks": [],
              "tests": [
                {
                  "title": "gagal update category dengan id tidak valid",
                  "fullTitle": "API Tests KasirAja- Update Category Negative Case (-) - Update Category dengan id tidak valid gagal update category dengan id tidak valid",
                  "timedOut": false,
                  "duration": 14,
                  "state": "passed",
                  "speed": "fast",
                  "pass": true,
                  "fail": false,
                  "pending": false,
                  "context": null,
                  "code": "const invalidCategoryId = 12345567789; // Contoh ID yang tidak valid\nconst response = await updateCategory(invalidCategoryId, updtcategory);\nexpect(response.status).to.equal(404);\nexpect(response.body.status).to.equal('fail');\nconsole.log(response.body);",
                  "err": {},
                  "uuid": "99dfb7c7-360a-4a51-9d84-562134e82626",
                  "parentUUID": "09d69704-11a9-4719-a704-619fa5012479",
                  "isHook": false,
                  "skipped": false
                }
              ],
              "suites": [],
              "passes": [
                "99dfb7c7-360a-4a51-9d84-562134e82626"
              ],
              "failures": [],
              "pending": [],
              "skipped": [],
              "duration": 14,
              "root": false,
              "rootEmpty": false,
              "_timeout": 2000
            }
          ],
          "passes": [],
          "failures": [],
          "pending": [],
          "skipped": [],
          "duration": 0,
          "root": false,
          "rootEmpty": false,
          "_timeout": 2000
        }
      ],
      "passes": [],
      "failures": [],
      "pending": [],
      "skipped": [],
      "duration": 0,
      "root": true,
      "rootEmpty": true,
      "_timeout": 2000
    }
  ],
  "meta": {
    "mocha": {
      "version": "10.2.0"
    },
    "mochawesome": {
      "options": {
        "quiet": false,
        "reportFilename": "mochawesome",
        "saveHtml": true,
        "saveJson": true,
        "consoleReporter": "spec",
        "useInlineDiffs": false,
        "code": true
      },
      "version": "7.1.3"
    },
    "marge": {
      "options": {
        "reportDir": "reports/updateCategory"
      },
      "version": "6.2.0"
    }
  }
}