{
  "stats": {
    "suites": 3,
    "tests": 2,
    "passes": 2,
    "pending": 0,
    "failures": 0,
    "start": "2023-08-20T06:22:04.062Z",
    "end": "2023-08-20T06:22:05.684Z",
    "duration": 1622,
    "testsRegistered": 2,
    "passPercent": 100,
    "pendingPercent": 0,
    "other": 0,
    "hasOther": false,
    "skipped": 0,
    "hasSkipped": false
  },
  "results": [
    {
      "uuid": "d2f68b4b-d35d-4bc6-946b-32426868afbe",
      "title": "",
      "fullFile": "/workspaces/Api-Automation-Task/test/spec/UpdateCategory.js",
      "file": "/test/spec/UpdateCategory.js",
      "beforeHooks": [],
      "afterHooks": [],
      "tests": [],
      "suites": [
        {
          "uuid": "81f48c40-1b15-4bd7-9f39-449a71a7899a",
          "title": "API Tests - Update Category",
          "fullFile": "/workspaces/Api-Automation-Task/test/spec/UpdateCategory.js",
          "file": "/test/spec/UpdateCategory.js",
          "beforeHooks": [
            {
              "title": "\"before all\" hook in \"API Tests - Update Category\"",
              "fullTitle": "API Tests - Update Category \"before all\" hook in \"API Tests - Update Category\"",
              "timedOut": false,
              "duration": 1112,
              "state": null,
              "speed": null,
              "pass": false,
              "fail": false,
              "pending": false,
              "context": null,
              "code": "accessToken = await getAccessToken();",
              "err": {},
              "uuid": "9b8721bb-b763-4eb9-8e9a-4f527e889005",
              "parentUUID": "81f48c40-1b15-4bd7-9f39-449a71a7899a",
              "isHook": true,
              "skipped": false
            }
          ],
          "afterHooks": [],
          "tests": [],
          "suites": [
            {
              "uuid": "0479be0d-202d-4948-8c55-51dc385ed048",
              "title": "Positive Case (+) - Update Category yang sudah ada",
              "fullFile": "/workspaces/Api-Automation-Task/test/spec/UpdateCategory.js",
              "file": "/test/spec/UpdateCategory.js",
              "beforeHooks": [],
              "afterHooks": [],
              "tests": [
                {
                  "title": "should successfully update an existing category",
                  "fullTitle": "API Tests - Update Category Positive Case (+) - Update Category yang sudah ada should successfully update an existing category",
                  "timedOut": false,
                  "duration": 488,
                  "state": "passed",
                  "speed": "slow",
                  "pass": true,
                  "fail": false,
                  "pending": false,
                  "context": null,
                  "code": "await waitForCategoryIdToBeSet(sharedId.categoryId); \nconst response = await updateCategory(sharedId.categoryId, updtcategory);\nexpect(response.status).to.equal(200);\nexpect(response.body.status).to.equal('success');\nexpect(response.body.data.name).to.equal(updtcategory.name);\nconsole.log(response.body);",
                  "err": {},
                  "uuid": "6edd81d6-e69e-410d-9c0c-4d056cbc19fe",
                  "parentUUID": "0479be0d-202d-4948-8c55-51dc385ed048",
                  "isHook": false,
                  "skipped": false
                }
              ],
              "suites": [],
              "passes": [
                "6edd81d6-e69e-410d-9c0c-4d056cbc19fe"
              ],
              "failures": [],
              "pending": [],
              "skipped": [],
              "duration": 488,
              "root": false,
              "rootEmpty": false,
              "_timeout": 2000
            },
            {
              "uuid": "421c584b-10c0-442d-b4e5-69a76820cc84",
              "title": "Negative Case (-) - Update Category dengan id tidak valid",
              "fullFile": "/workspaces/Api-Automation-Task/test/spec/UpdateCategory.js",
              "file": "/test/spec/UpdateCategory.js",
              "beforeHooks": [],
              "afterHooks": [],
              "tests": [
                {
                  "title": "should fail to update a non-existent category",
                  "fullTitle": "API Tests - Update Category Negative Case (-) - Update Category dengan id tidak valid should fail to update a non-existent category",
                  "timedOut": false,
                  "duration": 14,
                  "state": "passed",
                  "speed": "fast",
                  "pass": true,
                  "fail": false,
                  "pending": false,
                  "context": null,
                  "code": "const invalidCategoryId = 12345567789; // Contoh ID yang tidak valid\nconst response = await updateCategory(invalidCategoryId, updtcategory);\nexpect(response.status).to.equal(404);\nexpect(response.body.status).to.equal('fail');\nconsole.log(response.body);",
                  "err": {},
                  "uuid": "4245b058-1cf8-4aca-af80-2d15b44d2eba",
                  "parentUUID": "421c584b-10c0-442d-b4e5-69a76820cc84",
                  "isHook": false,
                  "skipped": false
                }
              ],
              "suites": [],
              "passes": [
                "4245b058-1cf8-4aca-af80-2d15b44d2eba"
              ],
              "failures": [],
              "pending": [],
              "skipped": [],
              "duration": 14,
              "root": false,
              "rootEmpty": false,
              "_timeout": 2000
            }
          ],
          "passes": [],
          "failures": [],
          "pending": [],
          "skipped": [],
          "duration": 0,
          "root": false,
          "rootEmpty": false,
          "_timeout": 2000
        }
      ],
      "passes": [],
      "failures": [],
      "pending": [],
      "skipped": [],
      "duration": 0,
      "root": true,
      "rootEmpty": true,
      "_timeout": 2000
    }
  ],
  "meta": {
    "mocha": {
      "version": "10.2.0"
    },
    "mochawesome": {
      "options": {
        "quiet": false,
        "reportFilename": "mochawesome",
        "saveHtml": true,
        "saveJson": true,
        "consoleReporter": "spec",
        "useInlineDiffs": false,
        "code": true
      },
      "version": "7.1.3"
    },
    "marge": {
      "options": {
        "reportDir": "reports/updateCategory"
      },
      "version": "6.2.0"
    }
  }
}