{
  "stats": {
    "suites": 3,
    "tests": 2,
    "passes": 2,
    "pending": 0,
    "failures": 0,
    "start": "2023-08-20T06:10:18.376Z",
    "end": "2023-08-20T06:10:20.384Z",
    "duration": 2008,
    "testsRegistered": 2,
    "passPercent": 100,
    "pendingPercent": 0,
    "other": 0,
    "hasOther": false,
    "skipped": 0,
    "hasSkipped": false
  },
  "results": [
    {
      "uuid": "f68566df-b112-47a2-b532-a9cff2100256",
      "title": "",
      "fullFile": "/workspaces/Api-Automation-Task/test/spec/UpdateCategory.js",
      "file": "/test/spec/UpdateCategory.js",
      "beforeHooks": [],
      "afterHooks": [],
      "tests": [],
      "suites": [
        {
          "uuid": "ccc397e4-ff5a-4dae-9400-9877c161c7dc",
          "title": "API Tests - Update Category",
          "fullFile": "/workspaces/Api-Automation-Task/test/spec/UpdateCategory.js",
          "file": "/test/spec/UpdateCategory.js",
          "beforeHooks": [
            {
              "title": "\"before all\" hook in \"API Tests - Update Category\"",
              "fullTitle": "API Tests - Update Category \"before all\" hook in \"API Tests - Update Category\"",
              "timedOut": false,
              "duration": 1301,
              "state": null,
              "speed": null,
              "pass": false,
              "fail": false,
              "pending": false,
              "context": null,
              "code": "accessToken = await getAccessToken();",
              "err": {},
              "uuid": "d020ef4f-be9f-4259-a375-85f3f0cad642",
              "parentUUID": "ccc397e4-ff5a-4dae-9400-9877c161c7dc",
              "isHook": true,
              "skipped": false
            }
          ],
          "afterHooks": [],
          "tests": [],
          "suites": [
            {
              "uuid": "f3e4705f-3055-42dd-b3f7-5be64b0998ae",
              "title": "Positive Case (+) - Update Category yang sudah ada",
              "fullFile": "/workspaces/Api-Automation-Task/test/spec/UpdateCategory.js",
              "file": "/test/spec/UpdateCategory.js",
              "beforeHooks": [],
              "afterHooks": [],
              "tests": [
                {
                  "title": "should successfully update an existing category",
                  "fullTitle": "API Tests - Update Category Positive Case (+) - Update Category yang sudah ada should successfully update an existing category",
                  "timedOut": false,
                  "duration": 545,
                  "state": "passed",
                  "speed": "slow",
                  "pass": true,
                  "fail": false,
                  "pending": false,
                  "context": null,
                  "code": "await waitForCategoryIdToBeSet(sharedId.categoryId); \nconst response = await updateCategory(sharedId.categoryId, updtcategory);\nexpect(response.status).to.equal(200);\nexpect(response.body.status).to.equal('success');\nexpect(response.body.data.name).to.equal(updtcategory.name);",
                  "err": {},
                  "uuid": "187067d2-fc23-47cd-b24f-09614924f9ce",
                  "parentUUID": "f3e4705f-3055-42dd-b3f7-5be64b0998ae",
                  "isHook": false,
                  "skipped": false
                }
              ],
              "suites": [],
              "passes": [
                "187067d2-fc23-47cd-b24f-09614924f9ce"
              ],
              "failures": [],
              "pending": [],
              "skipped": [],
              "duration": 545,
              "root": false,
              "rootEmpty": false,
              "_timeout": 2000
            },
            {
              "uuid": "c0281edf-78e8-4157-970f-2318d82ea123",
              "title": "Negative Case (-) - Update Category dengan id tidak valid",
              "fullFile": "/workspaces/Api-Automation-Task/test/spec/UpdateCategory.js",
              "file": "/test/spec/UpdateCategory.js",
              "beforeHooks": [],
              "afterHooks": [],
              "tests": [
                {
                  "title": "should fail to update a non-existent category",
                  "fullTitle": "API Tests - Update Category Negative Case (-) - Update Category dengan id tidak valid should fail to update a non-existent category",
                  "timedOut": false,
                  "duration": 158,
                  "state": "passed",
                  "speed": "slow",
                  "pass": true,
                  "fail": false,
                  "pending": false,
                  "context": null,
                  "code": "const invalidCategoryId = 12345567789; // Contoh ID yang tidak valid\nconst response = await updateCategory(invalidCategoryId, updtcategory);\nexpect(response.status).to.equal(404);\nexpect(response.body.status).to.equal('fail');",
                  "err": {},
                  "uuid": "151bd2d3-eb78-4381-b207-936bb8436298",
                  "parentUUID": "c0281edf-78e8-4157-970f-2318d82ea123",
                  "isHook": false,
                  "skipped": false
                }
              ],
              "suites": [],
              "passes": [
                "151bd2d3-eb78-4381-b207-936bb8436298"
              ],
              "failures": [],
              "pending": [],
              "skipped": [],
              "duration": 158,
              "root": false,
              "rootEmpty": false,
              "_timeout": 2000
            }
          ],
          "passes": [],
          "failures": [],
          "pending": [],
          "skipped": [],
          "duration": 0,
          "root": false,
          "rootEmpty": false,
          "_timeout": 2000
        }
      ],
      "passes": [],
      "failures": [],
      "pending": [],
      "skipped": [],
      "duration": 0,
      "root": true,
      "rootEmpty": true,
      "_timeout": 2000
    }
  ],
  "meta": {
    "mocha": {
      "version": "10.2.0"
    },
    "mochawesome": {
      "options": {
        "quiet": false,
        "reportFilename": "mochawesome",
        "saveHtml": true,
        "saveJson": true,
        "consoleReporter": "spec",
        "useInlineDiffs": false,
        "code": true
      },
      "version": "7.1.3"
    },
    "marge": {
      "options": {
        "reportDir": "reports/updateCategory"
      },
      "version": "6.2.0"
    }
  }
}